<?xml version="1.0" encoding="UTF-8"?>
<!-- Generated by org.testng.reporters.JUnitReportReporter -->
<testsuite hostname="DESKTOP-U3NOTER" failures="0" tests="1" name="testCases.TC002_LoginTest" time="3.171" errors="0" timestamp="2024-09-27T02:56:05 IST" skipped="0">
  <testcase classname="testCases.TC002_LoginTest" name="verify_Login" time="3.171"/>
</testsuite> <!-- testCases.TC002_LoginTest -->
